# JRE version: OpenJDK Runtime Environment (11.0.6+10) (build 11.0.6+10-post-Ubuntu-1ubuntu118.04.1)
# Java VM: OpenJDK 64-Bit Server VM (11.0.6+10-post-Ubuntu-1ubuntu118.04.1, mixed mode, sharing, tiered, compressed oops, g1 gc, linux-amd64)
Heap:
 garbage-first heap   total 518144K, used 254465K [0x000000060a800000, 0x0000000800000000)
  region size 2048K, 118 young (241664K), 5 survivors (10240K)
 Metaspace       used 14477K, capacity 14887K, committed 15232K, reserved 1062912K
  class space    used 1716K, capacity 1896K, committed 1920K, reserved 1048576K
GC Heap History (6 events):
Event: 0.640 GC heap before
{Heap before GC invocations=0 (full 0):
 garbage-first heap   total 518144K, used 29380K [0x000000060a800000, 0x0000000800000000)
  region size 2048K, 12 young (24576K), 0 survivors (0K)
 Metaspace       used 10499K, capacity 10856K, committed 11008K, reserved 1058816K
  class space    used 1287K, capacity 1427K, committed 1536K, reserved 1048576K
}
Event: 0.649 GC heap after
{Heap after GC invocations=1 (full 0):
 garbage-first heap   total 518144K, used 8324K [0x000000060a800000, 0x0000000800000000)
  region size 2048K, 2 young (4096K), 2 survivors (4096K)
 Metaspace       used 10499K, capacity 10856K, committed 11008K, reserved 1058816K
  class space    used 1287K, capacity 1427K, committed 1536K, reserved 1048576K
}
Event: 51994.181 GC heap before
{Heap before GC invocations=1 (full 0):
 garbage-first heap   total 518144K, used 313476K [0x000000060a800000, 0x0000000800000000)
  region size 2048K, 150 young (307200K), 2 survivors (4096K)
 Metaspace       used 14347K, capacity 14754K, committed 14976K, reserved 1062912K
  class space    used 1715K, capacity 1894K, committed 1920K, reserved 1048576K
}
Event: 51994.186 GC heap after
{Heap after GC invocations=2 (full 0):
 garbage-first heap   total 518144K, used 18515K [0x000000060a800000, 0x0000000800000000)
  region size 2048K, 5 young (10240K), 5 survivors (10240K)
 Metaspace       used 14347K, capacity 14754K, committed 14976K, reserved 1062912K
  class space    used 1715K, capacity 1894K, committed 1920K, reserved 1048576K
}
Event: 53979.920 GC heap before
{Heap before GC invocations=2 (full 0):
 garbage-first heap   total 518144K, used 313427K [0x000000060a800000, 0x0000000800000000)
  region size 2048K, 150 young (307200K), 5 survivors (10240K)
 Metaspace       used 14436K, capacity 14883K, committed 15232K, reserved 1062912K
  class space    used 1715K, capacity 1894K, committed 1920K, reserved 1048576K
}
Event: 53979.925 GC heap after
{Heap after GC invocations=3 (full 0):
 garbage-first heap   total 518144K, used 18945K [0x000000060a800000, 0x0000000800000000)
  region size 2048K, 5 young (10240K), 5 survivors (10240K)
 Metaspace       used 14436K, capacity 14883K, committed 15232K, reserved 1062912K
  class space    used 1715K, capacity 1894K, committed 1920K, reserved 1048576K
}

